<?xml version="1.0" encoding="UTF-8"?>
<testng-results skipped="0" failed="0" total="2" passed="2">
  <reporter-output>
  </reporter-output>
  <suite name="Default suite" duration-ms="10181" started-at="2015-10-09T18:49:46Z" finished-at="2015-10-09T18:49:56Z">
    <groups>
    </groups>
    <test name="Default test" duration-ms="10181" started-at="2015-10-09T18:49:46Z" finished-at="2015-10-09T18:49:56Z">
      <class name="com.example.tests.NonEmptyGroupCreationTests">
        <test-method status="PASS" signature="testNonEmptyGroupCreation()[pri:0, instance:com.example.tests.NonEmptyGroupCreationTests@5f150435]" name="testNonEmptyGroupCreation" duration-ms="1987" started-at="2015-10-09T21:49:54Z" finished-at="2015-10-09T21:49:56Z">
          <reporter-output>
          </reporter-output>
        </test-method> <!-- testNonEmptyGroupCreation -->
      </class> <!-- com.example.tests.NonEmptyGroupCreationTests -->
      <class name="com.example.tests.TestBase">
        <test-method status="PASS" signature="setUp()[pri:0, instance:com.example.tests.TestBase@1bc6a36e]" name="setUp" is-config="true" duration-ms="5878" started-at="2015-10-09T21:49:46Z" finished-at="2015-10-09T21:49:52Z">
          <reporter-output>
          </reporter-output>
        </test-method> <!-- setUp -->
        <test-method status="PASS" signature="tearDown()[pri:0, instance:com.example.tests.TestBase@1bc6a36e]" name="tearDown" is-config="true" duration-ms="461" started-at="2015-10-09T21:49:56Z" finished-at="2015-10-09T21:49:56Z">
          <reporter-output>
          </reporter-output>
        </test-method> <!-- tearDown -->
      </class> <!-- com.example.tests.TestBase -->
      <class name="com.example.tests.EmptyGroupCreationTests">
        <test-method status="PASS" signature="testEmptyGroupCreation()[pri:0, instance:com.example.tests.EmptyGroupCreationTests@71e7a66b]" name="testEmptyGroupCreation" duration-ms="1842" started-at="2015-10-09T21:49:52Z" finished-at="2015-10-09T21:49:54Z">
          <reporter-output>
          </reporter-output>
        </test-method> <!-- testEmptyGroupCreation -->
      </class> <!-- com.example.tests.EmptyGroupCreationTests -->
    </test> <!-- Default test -->
  </suite> <!-- Default suite -->
</testng-results>
