<?xml version="1.0" encoding="UTF-8"?>
<testng-results skipped="0" failed="0" total="4" passed="4">
  <reporter-output>
  </reporter-output>
  <suite name="Default suite" duration-ms="16561" started-at="2015-10-11T14:09:22Z" finished-at="2015-10-11T14:09:39Z">
    <groups>
    </groups>
    <test name="Default test" duration-ms="16561" started-at="2015-10-11T14:09:22Z" finished-at="2015-10-11T14:09:39Z">
      <class name="com.example.tests.EmptyContactCreation">
        <test-method status="PASS" signature="testEmptyContactCreation()[pri:0, instance:com.example.tests.EmptyContactCreation@75412c2f]" name="testEmptyContactCreation" duration-ms="2196" started-at="2015-10-11T17:09:33Z" finished-at="2015-10-11T17:09:35Z">
          <reporter-output>
          </reporter-output>
        </test-method> <!-- testEmptyContactCreation -->
      </class> <!-- com.example.tests.EmptyContactCreation -->
      <class name="com.example.tests.NonEmptyGroupCreationTests">
        <test-method status="PASS" signature="testNonEmptyGroupCreation()[pri:0, instance:com.example.tests.NonEmptyGroupCreationTests@50cbc42f]" name="testNonEmptyGroupCreation" duration-ms="1704" started-at="2015-10-11T17:09:36Z" finished-at="2015-10-11T17:09:38Z">
          <reporter-output>
          </reporter-output>
        </test-method> <!-- testNonEmptyGroupCreation -->
      </class> <!-- com.example.tests.NonEmptyGroupCreationTests -->
      <class name="com.example.tests.NonEmptyContactCreation">
        <test-method status="PASS" signature="setUp()[pri:0, instance:com.example.tests.NonEmptyContactCreation@17ed40e0]" name="setUp" is-config="true" duration-ms="6512" started-at="2015-10-11T17:09:22Z" finished-at="2015-10-11T17:09:29Z">
          <reporter-output>
          </reporter-output>
        </test-method> <!-- setUp -->
        <test-method status="PASS" signature="testNonEmptyContactCreation()[pri:0, instance:com.example.tests.NonEmptyContactCreation@17ed40e0]" name="testNonEmptyContactCreation" duration-ms="4022" started-at="2015-10-11T17:09:29Z" finished-at="2015-10-11T17:09:33Z">
          <reporter-output>
          </reporter-output>
        </test-method> <!-- testNonEmptyContactCreation -->
        <test-method status="PASS" signature="tearDown()[pri:0, instance:com.example.tests.NonEmptyContactCreation@17ed40e0]" name="tearDown" is-config="true" duration-ms="681" started-at="2015-10-11T17:09:38Z" finished-at="2015-10-11T17:09:39Z">
          <reporter-output>
          </reporter-output>
        </test-method> <!-- tearDown -->
      </class> <!-- com.example.tests.NonEmptyContactCreation -->
      <class name="com.example.tests.EmptyGroupCreationTests">
        <test-method status="PASS" signature="testEmptyGroupCreation()[pri:0, instance:com.example.tests.EmptyGroupCreationTests@282ba1e]" name="testEmptyGroupCreation" duration-ms="1424" started-at="2015-10-11T17:09:35Z" finished-at="2015-10-11T17:09:36Z">
          <reporter-output>
          </reporter-output>
        </test-method> <!-- testEmptyGroupCreation -->
      </class> <!-- com.example.tests.EmptyGroupCreationTests -->
    </test> <!-- Default test -->
  </suite> <!-- Default suite -->
</testng-results>
