<?xml version="1.0" encoding="UTF-8"?>
<!-- Generated by org.testng.reporters.JUnitXMLReporter -->
<testsuite hostname="Admin-PC" name="Default test" tests="4" failures="0" timestamp="11 Oct 2015 14:09:39 GMT" time="16.561" errors="0">
  <testcase name="testNonEmptyContactCreation" time="4.022" classname="com.example.tests.NonEmptyContactCreation"/>
  <testcase name="testEmptyContactCreation" time="2.196" classname="com.example.tests.EmptyContactCreation"/>
  <testcase name="testEmptyGroupCreation" time="1.424" classname="com.example.tests.EmptyGroupCreationTests"/>
  <testcase name="testNonEmptyGroupCreation" time="1.704" classname="com.example.tests.NonEmptyGroupCreationTests"/>
</testsuite> <!-- Default test -->
